<?xml version="1.0" encoding="UTF-8"?>
<testsuite name="com.SolutionTest" tests="1" skipped="0" failures="0" errors="0" timestamp="2021-11-04T07:34:53" hostname="EHSAN-PC" time="0.042">
  <properties/>
  <testcase name="twoSum()" classname="com.SolutionTest" time="0.042"/>
  <system-out><![CDATA[]]></system-out>
  <system-err><![CDATA[]]></system-err>
</testsuite>
